-------------------------------------------------------------------------------
Test set: com.graphaware.pizzeria.SecurityTest
-------------------------------------------------------------------------------
Tests run: 1, Failures: 1, Errors: 0, Skipped: 0, Time elapsed: 0.026 s <<< FAILURE! - in com.graphaware.pizzeria.SecurityTest
onlyOwnerCanGetPurchasesCount  Time elapsed: 0 s  <<< FAILURE!
org.opentest4j.AssertionFailedError: Not yet implemented
	at com.graphaware.pizzeria.SecurityTest.onlyOwnerCanGetPurchasesCount(SecurityTest.java:13)

