<?xml version="1.0" encoding="UTF-8"?>
<testsuite xmlns:xsi="http://www.w3.org/2001/XMLSchema-instance" xsi:noNamespaceSchemaLocation="https://maven.apache.org/surefire/maven-surefire-plugin/xsd/surefire-test-report.xsd" name="com.graphaware.pizzeria.MenuTest" time="8.627" tests="2" errors="0" skipped="0" failures="2">
  <properties>
[...]
</properties>
  <testcase name="getItems" classname="com.graphaware.pizzeria.MenuTest" time="0.174">
    <failure message="Not yet implemented" type="org.opentest4j.AssertionFailedError">org.opentest4j.AssertionFailedError: Not yet implemented
	at com.graphaware.pizzeria.MenuTest.getItems(MenuTest.java:18)
</failure>
    <system-out><![CDATA[10:02:39.338 [main] DEBUG org.springframework.test.context.BootstrapUtils - Instantiating CacheAwareContextLoaderDelegate from class [org.springframework.test.context.cache.DefaultCacheAwareContextLoaderDelegate]
10:02:39.366 [main] DEBUG org.springframework.test.context.BootstrapUtils - Instantiating BootstrapContext using constructor [public org.springframework.test.context.support.DefaultBootstrapContext(java.lang.Class,org.springframework.test.context.CacheAwareContextLoaderDelegate)]
10:02:39.416 [main] DEBUG org.springframework.test.context.BootstrapUtils - Instantiating TestContextBootstrapper for test class [com.graphaware.pizzeria.MenuTest] from class [org.springframework.boot.test.context.SpringBootTestContextBootstrapper]
10:02:39.457 [main] INFO org.springframework.boot.test.context.SpringBootTestContextBootstrapper - Neither @ContextConfiguration nor @ContextHierarchy found for test class [com.graphaware.pizzeria.MenuTest], using SpringBootContextLoader
10:02:39.465 [main] DEBUG org.springframework.test.context.support.AbstractContextLoader - Did not detect default resource location for test class [com.graphaware.pizzeria.MenuTest]: class path resource [com/graphaware/pizzeria/MenuTest-context.xml] does not exist
10:02:39.465 [main] DEBUG org.springframework.test.context.support.AbstractContextLoader - Did not detect default resource location for test class [com.graphaware.pizzeria.MenuTest]: class path resource [com/graphaware/pizzeria/MenuTestContext.groovy] does not exist
10:02:39.466 [main] INFO org.springframework.test.context.support.AbstractContextLoader - Could not detect default resource locations for test class [com.graphaware.pizzeria.MenuTest]: no resource found for suffixes {-context.xml, Context.groovy}.
10:02:39.466 [main] INFO org.springframework.test.context.support.AnnotationConfigContextLoaderUtils - Could not detect default configuration classes for test class [com.graphaware.pizzeria.MenuTest]: MenuTest does not declare any static, non-private, non-final, nested classes annotated with @Configuration.
10:02:39.528 [main] DEBUG org.springframework.test.context.support.ActiveProfilesUtils - Could not find an 'annotation declaring class' for annotation type [org.springframework.test.context.ActiveProfiles] and class [com.graphaware.pizzeria.MenuTest]
10:02:39.634 [main] DEBUG org.springframework.context.annotation.ClassPathScanningCandidateComponentProvider - Identified candidate component class: file [C:\Users\bebeyazit\Desktop\hawaiian-pizza-master\hawaiian-pizza-master\target\classes\com\graphaware\pizzeria\PizzeriaApplication.class]
10:02:39.639 [main] INFO org.springframework.boot.test.context.SpringBootTestContextBootstrapper - Found @SpringBootConfiguration com.graphaware.pizzeria.PizzeriaApplication for test class com.graphaware.pizzeria.MenuTest
10:02:39.782 [main] DEBUG org.springframework.boot.test.context.SpringBootTestContextBootstrapper - @TestExecutionListeners is not present for class [com.graphaware.pizzeria.MenuTest]: using defaults.
10:02:39.783 [main] INFO org.springframework.boot.test.context.SpringBootTestContextBootstrapper - Loaded default TestExecutionListener class names from location [META-INF/spring.factories]: [org.springframework.boot.test.mock.mockito.MockitoTestExecutionListener, org.springframework.boot.test.mock.mockito.ResetMocksTestExecutionListener, org.springframework.boot.test.autoconfigure.restdocs.RestDocsTestExecutionListener, org.springframework.boot.test.autoconfigure.web.client.MockRestServiceServerResetTestExecutionListener, org.springframework.boot.test.autoconfigure.web.servlet.MockMvcPrintOnlyOnFailureTestExecutionListener, org.springframework.boot.test.autoconfigure.web.servlet.WebDriverTestExecutionListener, org.springframework.test.context.web.ServletTestExecutionListener, org.springframework.test.context.support.DirtiesContextBeforeModesTestExecutionListener, org.springframework.test.context.support.DependencyInjectionTestExecutionListener, org.springframework.test.context.support.DirtiesContextTestExecutionListener, org.springframework.test.context.transaction.TransactionalTestExecutionListener, org.springframework.test.context.jdbc.SqlScriptsTestExecutionListener, org.springframework.test.context.event.EventPublishingTestExecutionListener, org.springframework.security.test.context.support.WithSecurityContextTestExecutionListener, org.springframework.security.test.context.support.ReactorContextTestExecutionListener]
10:02:39.840 [main] INFO org.springframework.boot.test.context.SpringBootTestContextBootstrapper - Using TestExecutionListeners: [org.springframework.test.context.web.ServletTestExecutionListener@4b013c76, org.springframework.test.context.support.DirtiesContextBeforeModesTestExecutionListener@53fb3dab, org.springframework.boot.test.mock.mockito.MockitoTestExecutionListener@cb0755b, org.springframework.boot.test.autoconfigure.SpringBootDependencyInjectionTestExecutionListener@33065d67, org.springframework.test.context.support.DirtiesContextTestExecutionListener@712625fd, org.springframework.test.context.transaction.TransactionalTestExecutionListener@7bba5817, org.springframework.test.context.jdbc.SqlScriptsTestExecutionListener@742ff096, org.springframework.test.context.event.EventPublishingTestExecutionListener@75437611, org.springframework.security.test.context.support.WithSecurityContextTestExecutionListener@350aac89, org.springframework.security.test.context.support.ReactorContextTestExecutionListener@1c5920df, org.springframework.boot.test.mock.mockito.ResetMocksTestExecutionListener@17f9d882, org.springframework.boot.test.autoconfigure.restdocs.RestDocsTestExecutionListener@79e4c792, org.springframework.boot.test.autoconfigure.web.client.MockRestServiceServerResetTestExecutionListener@196a42c3, org.springframework.boot.test.autoconfigure.web.servlet.MockMvcPrintOnlyOnFailureTestExecutionListener@4c60d6e9, org.springframework.boot.test.autoconfigure.web.servlet.WebDriverTestExecutionListener@15043a2f]
10:02:39.848 [main] DEBUG org.springframework.test.context.support.AbstractDirtiesContextTestExecutionListener - Before test class: context [DefaultTestContext@606e4010 testClass = MenuTest, testInstance = [null], testMethod = [null], testException = [null], mergedContextConfiguration = [WebMergedContextConfiguration@8458f04 testClass = MenuTest, locations = '{}', classes = '{class com.graphaware.pizzeria.PizzeriaApplication}', contextInitializerClasses = '[]', activeProfiles = '{}', propertySourceLocations = '{}', propertySourceProperties = '{org.springframework.boot.test.context.SpringBootTestContextBootstrapper=true}', contextCustomizers = set[org.springframework.boot.test.context.filter.ExcludeFilterContextCustomizer@62150f9e, org.springframework.boot.test.json.DuplicateJsonObjectContextCustomizerFactory$DuplicateJsonObjectContextCustomizer@15ff3e9e, org.springframework.boot.test.mock.mockito.MockitoContextCustomizer@0, org.springframework.boot.test.web.client.TestRestTemplateContextCustomizer@4fb61f4a, org.springframework.boot.test.autoconfigure.properties.PropertyMappingContextCustomizer@0, org.springframework.boot.test.autoconfigure.web.servlet.WebDriverContextCustomizerFactory$Customizer@38c6f217, org.springframework.boot.test.context.SpringBootTestArgs@1], resourceBasePath = 'src/main/webapp', contextLoader = 'org.springframework.boot.test.context.SpringBootContextLoader', parent = [null]], attributes = map['org.springframework.test.context.web.ServletTestExecutionListener.activateListener' -> true]], class annotated with @DirtiesContext [false] with mode [null].
10:02:39.885 [main] DEBUG org.springframework.test.context.support.TestPropertySourceUtils - Adding inlined properties to environment: {spring.jmx.enabled=false, org.springframework.boot.test.context.SpringBootTestContextBootstrapper=true, server.port=-1}

  .   ____          _            __ _ _
 /\\ / ___'_ __ _ _(_)_ __  __ _ \ \ \ \
( ( )\___ | '_ | '_| | '_ \/ _` | \ \ \ \
 \\/  ___)| |_)| | | | | || (_| |  ) ) ) )
  '  |____| .__|_| |_|_| |_\__, | / / / /
 =========|_|==============|___/=/_/_/_/
 :: Spring Boot ::        (v2.2.7.RELEASE)

2020-10-08 10:02:40.280  INFO 24360 --- [           main] com.graphaware.pizzeria.MenuTest         : Starting MenuTest on BEBEYAZIT1 with PID 24360 (started by bebeyazit in C:\Users\bebeyazit\Desktop\hawaiian-pizza-master\hawaiian-pizza-master)
2020-10-08 10:02:40.282  INFO 24360 --- [           main] com.graphaware.pizzeria.MenuTest         : No active profile set, falling back to default profiles: default
2020-10-08 10:02:41.513  INFO 24360 --- [           main] .s.d.r.c.RepositoryConfigurationDelegate : Bootstrapping Spring Data JPA repositories in DEFAULT mode.
2020-10-08 10:02:41.658  INFO 24360 --- [           main] .s.d.r.c.RepositoryConfigurationDelegate : Finished Spring Data repository scanning in 126ms. Found 3 JPA repository interfaces.
2020-10-08 10:02:42.254  INFO 24360 --- [           main] trationDelegate$BeanPostProcessorChecker : Bean 'org.springframework.security.access.expression.method.DefaultMethodSecurityExpressionHandler@70101687' of type [org.springframework.security.access.expression.method.DefaultMethodSecurityExpressionHandler] is not eligible for getting processed by all BeanPostProcessors (for example: not eligible for auto-proxying)
2020-10-08 10:02:42.263  INFO 24360 --- [           main] trationDelegate$BeanPostProcessorChecker : Bean 'methodSecurityConfiguration' of type [com.graphaware.pizzeria.security.MethodSecurityConfiguration$$EnhancerBySpringCGLIB$$663a801a] is not eligible for getting processed by all BeanPostProcessors (for example: not eligible for auto-proxying)
2020-10-08 10:02:42.276  INFO 24360 --- [           main] trationDelegate$BeanPostProcessorChecker : Bean 'methodSecurityMetadataSource' of type [org.springframework.security.access.method.DelegatingMethodSecurityMetadataSource] is not eligible for getting processed by all BeanPostProcessors (for example: not eligible for auto-proxying)
2020-10-08 10:02:42.600  INFO 24360 --- [           main] o.hibernate.jpa.internal.util.LogHelper  : HHH000204: Processing PersistenceUnitInfo [name: default]
2020-10-08 10:02:42.759  INFO 24360 --- [           main] org.hibernate.Version                    : HHH000412: Hibernate ORM core version 5.4.15.Final
2020-10-08 10:02:43.017  INFO 24360 --- [           main] o.hibernate.annotations.common.Version   : HCANN000001: Hibernate Commons Annotations {5.1.0.Final}
2020-10-08 10:02:43.877  INFO 24360 --- [           main] org.hibernate.dialect.Dialect            : HHH000400: Using dialect: org.hibernate.dialect.PostgreSQL9Dialect
2020-10-08 10:02:44.847  INFO 24360 --- [           main] com.zaxxer.hikari.HikariDataSource       : HikariPool-1 - Starting...
2020-10-08 10:02:44.969  INFO 24360 --- [           main] com.zaxxer.hikari.HikariDataSource       : HikariPool-1 - Start completed.
2020-10-08 10:02:45.159  INFO 24360 --- [           main] o.h.e.t.j.p.i.JtaPlatformInitiator       : HHH000490: Using JtaPlatform implementation: [org.hibernate.engine.transaction.jta.platform.internal.NoJtaPlatform]
2020-10-08 10:02:45.168  INFO 24360 --- [           main] j.LocalContainerEntityManagerFactoryBean : Initialized JPA EntityManagerFactory for persistence unit 'default'
2020-10-08 10:02:46.267  INFO 24360 --- [           main] o.s.s.web.DefaultSecurityFilterChain     : Creating filter chain: any request, [org.springframework.security.web.context.request.async.WebAsyncManagerIntegrationFilter@2b6262bc, org.springframework.security.web.context.SecurityContextPersistenceFilter@e3ed455, org.springframework.security.web.header.HeaderWriterFilter@270f28cf, org.springframework.security.web.authentication.logout.LogoutFilter@4ecd8ab1, org.springframework.security.web.authentication.www.BasicAuthenticationFilter@20864cd1, org.springframework.security.web.savedrequest.RequestCacheAwareFilter@606d6d2c, org.springframework.security.web.servletapi.SecurityContextHolderAwareRequestFilter@21b744ec, org.springframework.security.web.authentication.AnonymousAuthenticationFilter@5cffec7, org.springframework.security.web.session.SessionManagementFilter@12c76d6e, org.springframework.security.web.access.ExceptionTranslationFilter@58aa5c94, org.springframework.security.web.access.intercept.FilterSecurityInterceptor@5d08976a]
2020-10-08 10:02:46.877  INFO 24360 --- [           main] o.s.s.concurrent.ThreadPoolTaskExecutor  : Initializing ExecutorService 'applicationTaskExecutor'
2020-10-08 10:02:47.622  INFO 24360 --- [           main] com.graphaware.pizzeria.MenuTest         : Started MenuTest in 7.724 seconds (JVM running for 9.347)
]]></system-out>
  </testcase>
  <testcase name="addItemToMenu" classname="com.graphaware.pizzeria.MenuTest" time="0.001">
    <failure message="No implementation yet" type="org.opentest4j.AssertionFailedError">org.opentest4j.AssertionFailedError: No implementation yet
	at com.graphaware.pizzeria.MenuTest.addItemToMenu(MenuTest.java:13)
</failure>
  </testcase>
</testsuite>